<?xml version="1.0" encoding="UTF-8"?>
<!-- Generated by org.testng.reporters.JUnitReportReporter -->
<testsuite hostname="Redwans-MBP.home" failures="0" tests="1" name="LearnMaven.MavenJava.SeleniumTest" time="14.272" errors="0" timestamp="2022-08-19T20:43:52 EDT" skipped="0">
  <testcase classname="LearnMaven.MavenJava.SeleniumTest" name="testBStackTakeScreenShot" time="14.272"/>
  <system-out/>
</testsuite> <!-- LearnMaven.MavenJava.SeleniumTest -->
