<?xml version="1.0" encoding="UTF-8"?>
<!-- Generated by org.testng.reporters.JUnitReportReporter -->
<testsuite hostname="Redwans-MBP.home" failures="0" tests="1" name="LearnMaven.MavenJava.ExtentReporter" time="10.948" errors="0" timestamp="2022-08-20T00:49:26 EDT" skipped="0">
  <testcase classname="LearnMaven.MavenJava.ExtentReporter" name="shopping" time="10.948"/>
  <system-out/>
</testsuite> <!-- LearnMaven.MavenJava.ExtentReporter -->
