<?xml version="1.0" encoding="UTF-8"?>
<!-- Generated by org.testng.reporters.JUnitReportReporter -->
<testsuite hostname="Redwans-MBP.home" failures="0" tests="2" name="LearnMaven.MavenJava.SeleniumTest" time="0.008" errors="0" timestamp="2022-08-12T19:38:05 EDT" skipped="0">
  <testcase classname="LearnMaven.MavenJava.SeleniumTest" name="Automation" time="0.007"/>
  <system-out/>
  <testcase classname="LearnMaven.MavenJava.SeleniumTest" name="Automation2" time="0.001"/>
  <system-out/>
</testsuite> <!-- LearnMaven.MavenJava.SeleniumTest -->
